<?xml version="1.0" encoding="UTF-8"?>
<!-- Generated by org.testng.reporters.JUnitXMLReporter -->
<testsuite ignored="0" hostname="LAPTOP-2HDSC3M4" failures="0" tests="3" name="Test" time="53.742" errors="0" timestamp="2022-11-01T17:17:31 IST">
  <testcase classname="com.guru.qa.testcase.Depositetest" name="goforit" time="6.853"/>
  <testcase classname="com.guru.qa.testcase.Markone" name="goon" time="8.87"/>
  <testcase classname="com.guru.qa.testcase.editing" name="ggggg" time="9.304"/>
</testsuite> <!-- Test -->
