<?xml version="1.0" encoding="UTF-8"?>
<testng-results ignored="0" total="1" passed="1" failed="0" skipped="0">
  <reporter-output>
  </reporter-output>
  <suite started-at="2022-11-01T08:51:58 IST" name="Failed suite [Failed suite [Default suite]]" finished-at="2022-11-01T08:52:14 IST" duration-ms="16618">
    <groups>
    </groups>
    <test started-at="2022-11-01T08:51:58 IST" name="Default test(failed)(failed)" finished-at="2022-11-01T08:52:14 IST" duration-ms="16618">
      <class name="com.guru.qa.testcase.addingdetails">
        <test-method is-config="true" signature="initialwebdriver()[pri:0, instance:com.guru.qa.testcase.addingdetails@33d512c1]" started-at="2022-11-01T08:51:58 IST" name="initialwebdriver" finished-at="2022-11-01T08:52:05 IST" duration-ms="7322" status="PASS">
          <reporter-output>
          </reporter-output>
        </test-method> <!-- initialwebdriver -->
        <test-method signature="deatils()[pri:0, instance:com.guru.qa.testcase.addingdetails@33d512c1]" started-at="2022-11-01T08:52:05 IST" name="deatils" finished-at="2022-11-01T08:52:14 IST" duration-ms="8857" status="PASS">
          <reporter-output>
          </reporter-output>
        </test-method> <!-- deatils -->
        <test-method is-config="true" signature="teardown()[pri:0, instance:com.guru.qa.testcase.addingdetails@33d512c1]" started-at="2022-11-01T08:52:14 IST" name="teardown" finished-at="2022-11-01T08:52:14 IST" duration-ms="393" status="PASS">
          <reporter-output>
          </reporter-output>
        </test-method> <!-- teardown -->
      </class> <!-- com.guru.qa.testcase.addingdetails -->
    </test> <!-- Default test(failed)(failed) -->
  </suite> <!-- Failed suite [Failed suite [Default suite]] -->
</testng-results>
